{"name":"Register_004_Exist_Email","status":"skipped","statusDetails":{"known":false,"muted":false,"flaky":false,"message":"There was an error creating WebDriver object for Chrome","trace":"io.github.bonigarcia.wdm.config.WebDriverManagerException: There was an error creating WebDriver object for Chrome\n\tat io.github.bonigarcia.wdm.WebDriverManager.instantiateDriver(WebDriverManager.java:1775)\n\tat io.github.bonigarcia.wdm.WebDriverManager.create(WebDriverManager.java:425)\n\tat commons.BaseTest.getBrowserDriver(BaseTest.java:42)\n\tat com.nopcommerce.users.User_001_Register.beforeClass(User_001_Register.java:22)\n\tat java.base/jdk.internal.reflect.NativeMethodAccessorImpl.invoke0(Native Method)\n\tat java.base/jdk.internal.reflect.NativeMethodAccessorImpl.invoke(NativeMethodAccessorImpl.java:62)\n\tat java.base/jdk.internal.reflect.DelegatingMethodAccessorImpl.invoke(DelegatingMethodAccessorImpl.java:43)\n\tat java.base/java.lang.reflect.Method.invoke(Method.java:566)\n\tat org.testng.internal.MethodInvocationHelper.invokeMethod(MethodInvocationHelper.java:124)\n\tat org.testng.internal.MethodInvocationHelper.invokeMethodConsideringTimeout(MethodInvocationHelper.java:59)\n\tat org.testng.internal.Invoker.invokeConfigurationMethod(Invoker.java:458)\n\tat org.testng.internal.Invoker.invokeConfigurations(Invoker.java:222)\n\tat org.testng.internal.Invoker.invokeConfigurations(Invoker.java:142)\n\tat org.testng.internal.TestMethodWorker.invokeBeforeClassMethods(TestMethodWorker.java:168)\n\tat org.testng.internal.TestMethodWorker.run(TestMethodWorker.java:105)\n\tat org.testng.TestRunner.privateRun(TestRunner.java:648)\n\tat org.testng.TestRunner.run(TestRunner.java:505)\n\tat org.testng.SuiteRunner.runTest(SuiteRunner.java:455)\n\tat org.testng.SuiteRunner.runSequentially(SuiteRunner.java:450)\n\tat org.testng.SuiteRunner.privateRun(SuiteRunner.java:415)\n\tat org.testng.SuiteRunner.run(SuiteRunner.java:364)\n\tat org.testng.SuiteRunnerWorker.runSuite(SuiteRunnerWorker.java:52)\n\tat org.testng.SuiteRunnerWorker.run(SuiteRunnerWorker.java:84)\n\tat org.testng.TestNG.runSuitesSequentially(TestNG.java:1208)\n\tat org.testng.TestNG.runSuitesLocally(TestNG.java:1137)\n\tat org.testng.TestNG.runSuites(TestNG.java:1049)\n\tat org.testng.TestNG.run(TestNG.java:1017)\n\tat org.testng.remote.AbstractRemoteTestNG.run(AbstractRemoteTestNG.java:115)\n\tat org.testng.remote.RemoteTestNG.initAndRun(RemoteTestNG.java:251)\n\tat org.testng.remote.RemoteTestNG.main(RemoteTestNG.java:77)\nCaused by: java.lang.reflect.InvocationTargetException\n\tat java.base/jdk.internal.reflect.NativeConstructorAccessorImpl.newInstance0(Native Method)\n\tat java.base/jdk.internal.reflect.NativeConstructorAccessorImpl.newInstance(NativeConstructorAccessorImpl.java:62)\n\tat java.base/jdk.internal.reflect.DelegatingConstructorAccessorImpl.newInstance(DelegatingConstructorAccessorImpl.java:45)\n\tat java.base/java.lang.reflect.Constructor.newInstance(Constructor.java:490)\n\tat io.github.bonigarcia.wdm.webdriver.WebDriverCreator.createLocalWebDriver(WebDriverCreator.java:64)\n\tat io.github.bonigarcia.wdm.WebDriverManager.createLocalWebDriver(WebDriverManager.java:1949)\n\tat io.github.bonigarcia.wdm.WebDriverManager.instantiateDriver(WebDriverManager.java:1764)\n\t... 29 more\nCaused by: org.openqa.selenium.SessionNotCreatedException: session not created: This version of ChromeDriver only supports Chrome version 114\nCurrent browser version is 116.0.5845.187 with binary path /Applications/Google Chrome.app/Contents/MacOS/Google Chrome\nBuild info: version: '3.141.59', revision: 'e82be7d358', time: '2018-11-14T08:25:53'\nSystem info: host: 'LMVNHCTNQ4JVTHJM', ip: 'fe80:0:0:0:10f0:59b2:8a7:b408%en0', os.name: 'Mac OS X', os.arch: 'x86_64', os.version: '10.16', java.version: '11.0.11'\nDriver info: driver.version: ChromeDriver\nremote stacktrace: 0   chromedriver                        0x00000001050f96b8 chromedriver + 4937400\n1   chromedriver                        0x00000001050f0b73 chromedriver + 4901747\n2   chromedriver                        0x0000000104cae616 chromedriver + 435734\n3   chromedriver                        0x0000000104ce0d10 chromedriver + 642320\n4   chromedriver                        0x0000000104cdc18a chromedriver + 622986\n5   chromedriver                        0x0000000104cd867c chromedriver + 607868\n6   chromedriver                        0x0000000104d1fa08 chromedriver + 899592\n7   chromedriver                        0x0000000104d1eebf chromedriver + 896703\n8   chromedriver                        0x0000000104d15de3 chromedriver + 859619\n9   chromedriver                        0x0000000104ce3d7f chromedriver + 654719\n10  chromedriver                        0x0000000104ce50de chromedriver + 659678\n11  chromedriver                        0x00000001050b52ad chromedriver + 4657837\n12  chromedriver                        0x00000001050ba130 chromedriver + 4677936\n13  chromedriver                        0x00000001050c0def chromedriver + 4705775\n14  chromedriver                        0x00000001050bb05a chromedriver + 4681818\n15  chromedriver                        0x000000010508d92c chromedriver + 4495660\n16  chromedriver                        0x00000001050d8838 chromedriver + 4802616\n17  chromedriver                        0x00000001050d89b7 chromedriver + 4802999\n18  chromedriver                        0x00000001050e999f chromedriver + 4872607\n19  libsystem_pthread.dylib             0x00007ff8086bf1d3 _pthread_start + 125\n20  libsystem_pthread.dylib             0x00007ff8086babd3 thread_start + 15\n\n\tat java.base/jdk.internal.reflect.NativeConstructorAccessorImpl.newInstance0(Native Method)\n\tat java.base/jdk.internal.reflect.NativeConstructorAccessorImpl.newInstance(NativeConstructorAccessorImpl.java:62)\n\tat java.base/jdk.internal.reflect.DelegatingConstructorAccessorImpl.newInstance(DelegatingConstructorAccessorImpl.java:45)\n\tat java.base/java.lang.reflect.Constructor.newInstance(Constructor.java:490)\n\tat org.openqa.selenium.remote.W3CHandshakeResponse.lambda$errorHandler$0(W3CHandshakeResponse.java:62)\n\tat org.openqa.selenium.remote.HandshakeResponse.lambda$getResponseFunction$0(HandshakeResponse.java:30)\n\tat org.openqa.selenium.remote.ProtocolHandshake.lambda$createSession$0(ProtocolHandshake.java:126)\n\tat java.base/java.util.stream.ReferencePipeline$3$1.accept(ReferencePipeline.java:195)\n\tat java.base/java.util.Spliterators$ArraySpliterator.tryAdvance(Spliterators.java:958)\n\tat java.base/java.util.stream.ReferencePipeline.forEachWithCancel(ReferencePipeline.java:127)\n\tat java.base/java.util.stream.AbstractPipeline.copyIntoWithCancel(AbstractPipeline.java:502)\n\tat java.base/java.util.stream.AbstractPipeline.copyInto(AbstractPipeline.java:488)\n\tat java.base/java.util.stream.AbstractPipeline.wrapAndCopyInto(AbstractPipeline.java:474)\n\tat java.base/java.util.stream.FindOps$FindOp.evaluateSequential(FindOps.java:150)\n\tat java.base/java.util.stream.AbstractPipeline.evaluate(AbstractPipeline.java:234)\n\tat java.base/java.util.stream.ReferencePipeline.findFirst(ReferencePipeline.java:543)\n\tat org.openqa.selenium.remote.ProtocolHandshake.createSession(ProtocolHandshake.java:128)\n\tat org.openqa.selenium.remote.ProtocolHandshake.createSession(ProtocolHandshake.java:74)\n\tat org.openqa.selenium.remote.HttpCommandExecutor.execute(HttpCommandExecutor.java:136)\n\tat org.openqa.selenium.remote.service.DriverCommandExecutor.execute(DriverCommandExecutor.java:83)\n\tat org.openqa.selenium.remote.RemoteWebDriver.execute(RemoteWebDriver.java:552)\n\tat org.openqa.selenium.remote.RemoteWebDriver.startSession(RemoteWebDriver.java:213)\n\tat org.openqa.selenium.remote.RemoteWebDriver.<init>(RemoteWebDriver.java:131)\n\tat org.openqa.selenium.chrome.ChromeDriver.<init>(ChromeDriver.java:181)\n\tat org.openqa.selenium.chrome.ChromeDriver.<init>(ChromeDriver.java:168)\n\tat org.openqa.selenium.chrome.ChromeDriver.<init>(ChromeDriver.java:123)\n\t... 36 more\n"},"stage":"finished","steps":[],"attachments":[],"parameters":[{"name":"adminURL","value":"https://admin-demo.nopcommerce.com/"},{"name":"userURL","value":"https://demo.nopcommerce.com/"},{"name":"browser","value":"chrome"}],"start":1695008113181,"stop":1695008113181,"uuid":"97959037-d31e-4298-a6be-c1257228eccb","historyId":"343a7a868d9edf0325a8ca17259141ea","fullName":"com.nopcommerce.users.User_001_Register.Register_004_Exist_Email","labels":[{"name":"package","value":"com.nopcommerce.users.User_001_Register"},{"name":"testClass","value":"com.nopcommerce.users.User_001_Register"},{"name":"testMethod","value":"Register_004_Exist_Email"},{"name":"parentSuite","value":"Suite"},{"name":"suite","value":"Run on CHROME"},{"name":"subSuite","value":"com.nopcommerce.users.User_001_Register"},{"name":"host","value":"LMVNHCTNQ4JVTHJM"},{"name":"thread","value":"26861@LMVNHCTNQ4JVTHJM.main(1)"},{"name":"framework","value":"testng"},{"name":"language","value":"java"}],"links":[]}